<?xml version="1.0" encoding="UTF-8"?>
<testng-results total="2" passed="2" failed="0" skipped="0">
  <reporter-output>
  </reporter-output>
  <suite started-at="2022-01-14T16:05:51Z" name="Default suite" finished-at="2022-01-14T16:06:11Z" duration-ms="20168">
    <groups>
    </groups>
    <test started-at="2022-01-14T16:05:51Z" name="Default test" finished-at="2022-01-14T16:06:11Z" duration-ms="20168">
      <class name="Testing.org.TestScripts.Tc1">
        <test-method is-config="true" signature="startBrowser()[pri:0, instance:Testing.org.TestScripts.Tc1@6bbe85a8]" started-at="2022-01-14T21:35:51Z" name="startBrowser" finished-at="2022-01-14T21:35:56Z" duration-ms="5053" status="PASS">
          <reporter-output>
          </reporter-output>
        </test-method> <!-- startBrowser -->
        <test-method signature="abc()[pri:0, instance:Testing.org.TestScripts.Tc1@6bbe85a8]" started-at="2022-01-14T21:35:56Z" name="abc" finished-at="2022-01-14T21:35:59Z" duration-ms="3257" status="PASS">
          <reporter-output>
          </reporter-output>
        </test-method> <!-- abc -->
        <test-method signature="login()[pri:0, instance:Testing.org.TestScripts.Tc1@6bbe85a8]" started-at="2022-01-14T21:35:59Z" name="login" finished-at="2022-01-14T21:36:11Z" duration-ms="11854" status="PASS">
          <reporter-output>
          </reporter-output>
        </test-method> <!-- login -->
      </class> <!-- Testing.org.TestScripts.Tc1 -->
    </test> <!-- Default test -->
  </suite> <!-- Default suite -->
</testng-results>
